<?xml version="1.0" encoding="UTF-8"?>
<!-- Generated by org.testng.reporters.JUnitReportReporter -->
<testsuite hostname="DESKTOP-DVUMH6U" failures="0" tests="2" name="com.theScore.qa.testcases.TheScoreHomePageTest" time="113.223" errors="0" timestamp="2024-05-21T15:08:01 GMT-04:00" skipped="0">
  <testcase classname="com.theScore.qa.testcases.TheScoreHomePageTest" name="AccountImgTest" time="51.602"/>
  <testcase classname="com.theScore.qa.testcases.TheScoreHomePageTest" name="OpenLeague" time="61.621"/>
</testsuite> <!-- com.theScore.qa.testcases.TheScoreHomePageTest -->
