<?xml version="1.0" encoding="UTF-8"?>
<!-- Generated by org.testng.reporters.JUnitReportReporter -->
<testsuite hostname="DESKTOP-DVUMH6U" failures="0" tests="2" name="com.theScore.qa.testcases.TheScoreTablePageTest" time="116.179" errors="0" timestamp="2024-05-21T14:00:54 GMT-04:00" skipped="0">
  <testcase classname="com.theScore.qa.testcases.TheScoreTablePageTest" name="VerifyTableTitletest" time="59.944"/>
  <testcase classname="com.theScore.qa.testcases.TheScoreTablePageTest" name="VerifyBackToHomeWorking" time="56.235"/>
</testsuite> <!-- com.theScore.qa.testcases.TheScoreTablePageTest -->
