<?xml version="1.0" encoding="UTF-8"?>
<!-- Generated by org.testng.reporters.JUnitReportReporter -->
<testsuite hostname="DESKTOP-DVUMH6U" failures="0" tests="2" name="com.theScore.qa.testcases.TheScoreEPLPageTest" time="115.935" errors="0" timestamp="2024-05-21T15:08:01 GMT-04:00" skipped="0">
  <testcase classname="com.theScore.qa.testcases.TheScoreEPLPageTest" name="VerifyEPLTitleTest" time="55.531"/>
  <testcase classname="com.theScore.qa.testcases.TheScoreEPLPageTest" name="OpenTable" time="60.404"/>
</testsuite> <!-- com.theScore.qa.testcases.TheScoreEPLPageTest -->
