<?xml version="1.0" encoding="UTF-8"?>
<!-- Generated by org.testng.reporters.JUnitReportReporter -->
<testsuite hostname="DESKTOP-DVUMH6U" failures="0" tests="2" name="com.theScore.qa.testcases.TheScoreHomePageTest" time="104.885" errors="0" timestamp="2024-05-21T14:00:54 GMT-04:00" skipped="0">
  <testcase classname="com.theScore.qa.testcases.TheScoreHomePageTest" name="AccountImgTest" time="50.640"/>
  <testcase classname="com.theScore.qa.testcases.TheScoreHomePageTest" name="OpenLeague" time="54.245"/>
</testsuite> <!-- com.theScore.qa.testcases.TheScoreHomePageTest -->
