<?xml version="1.0" encoding="UTF-8"?>
<!-- Generated by org.testng.reporters.JUnitReportReporter -->
<testsuite hostname="DESKTOP-DVUMH6U" failures="0" tests="2" name="com.theScore.qa.testcases.TheScoreTablePageTest" time="115.665" errors="0" timestamp="2024-05-21T15:08:01 GMT-04:00" skipped="0">
  <testcase classname="com.theScore.qa.testcases.TheScoreTablePageTest" name="VerifyTableTitletest" time="57.284"/>
  <testcase classname="com.theScore.qa.testcases.TheScoreTablePageTest" name="VerifyBackToHomeWorking" time="58.381"/>
</testsuite> <!-- com.theScore.qa.testcases.TheScoreTablePageTest -->
